<?xml version="1.0" encoding="UTF-8"?>
<!-- Generated by org.testng.reporters.JUnitXMLReporter -->
<testsuite hostname="DESKTOP-RIGKATV" ignored="0" name="Test" tests="2" failures="1" timestamp="06 Dec 2022 07:39:20 GMT" time="30.131" errors="0">
  <testcase name="siginInvalidData" time="2.529" classname="org.testfile.TestAltoro"/>
  <testcase name="siginValidData" time="0.004" classname="org.testfile.TestAltoro">
    <failure type="org.testng.internal.reflect.MethodMatcherException" message="
Data provider mismatch
Method: siginValidData([Parameter{index=0, type=java.lang.String, declaredAnnotations=[]}, Parameter{index=1, type=java.lang.String, declaredAnnotations=[]}, Parameter{index=2, type=java.lang.String, declaredAnnotations=[]}])
Arguments: [(java.lang.String) admin,(java.lang.String) admin]">
      <![CDATA[org.testng.internal.reflect.MethodMatcherException: 
Data provider mismatch
Method: siginValidData([Parameter{index=0, type=java.lang.String, declaredAnnotations=[]}, Parameter{index=1, type=java.lang.String, declaredAnnotations=[]}, Parameter{index=2, type=java.lang.String, declaredAnnotations=[]}])
Arguments: [(java.lang.String) admin,(java.lang.String) admin]
... Removed 20 stack frames]]>
    </failure>
  </testcase> <!-- siginValidData -->
</testsuite> <!-- Test -->
