<?xml version="1.0" encoding="UTF-8"?>
<testng-results skipped="0" failed="0" ignored="0" total="2" passed="2">
  <reporter-output>
  </reporter-output>
  <suite name="Default suite" duration-ms="41973" started-at="2022-12-06T08:07:16Z" finished-at="2022-12-06T08:07:58Z">
    <groups>
    </groups>
    <test name="Default test" duration-ms="41973" started-at="2022-12-06T08:07:16Z" finished-at="2022-12-06T08:07:58Z">
      <class name="org.testfile.TestAltoro">
        <test-method status="PASS" signature="browserLaunch()[pri:0, instance:org.testfile.TestAltoro@42e26948]" name="browserLaunch" is-config="true" duration-ms="23225" started-at="2022-12-06T08:07:16Z" finished-at="2022-12-06T08:07:39Z">
          <reporter-output>
          </reporter-output>
        </test-method> <!-- browserLaunch -->
        <test-method status="PASS" signature="siginInvalidData(java.lang.String, java.lang.String)[pri:1, instance:org.testfile.TestAltoro@42e26948]" name="siginInvalidData" duration-ms="3014" started-at="2022-12-06T08:07:39Z" data-provider="invalid" finished-at="2022-12-06T08:07:42Z">
          <params>
            <param index="0">
              <value>
                <![CDATA[demo_user]]>
              </value>
            </param>
            <param index="1">
              <value>
                <![CDATA[demo_password]]>
              </value>
            </param>
          </params>
          <reporter-output>
          </reporter-output>
        </test-method> <!-- siginInvalidData -->
        <test-method status="PASS" signature="siginValidData(java.lang.String, java.lang.String)[pri:2, instance:org.testfile.TestAltoro@42e26948]" name="siginValidData" duration-ms="15441" started-at="2022-12-06T08:07:43Z" data-provider="valid" finished-at="2022-12-06T08:07:58Z">
          <params>
            <param index="0">
              <value>
                <![CDATA[admin]]>
              </value>
            </param>
            <param index="1">
              <value>
                <![CDATA[admin]]>
              </value>
            </param>
          </params>
          <reporter-output>
          </reporter-output>
        </test-method> <!-- siginValidData -->
      </class> <!-- org.testfile.TestAltoro -->
    </test> <!-- Default test -->
  </suite> <!-- Default suite -->
</testng-results>
